2025-01-15 08:00:01 [INFO] Server started successfully on port 8080
2025-01-15 08:00:02 [INFO] Database connection pool initialized with 10 connections
2025-01-15 08:00:03 [INFO] Configuration loaded from /etc/server/config.yml
2025-01-15 08:00:05 [INFO] API endpoint /health is now available
2025-01-15 08:05:23 [INFO] User 'alice' logged in successfully from 192.168.1.100
2025-01-15 08:10:45 [WARNING] Slow database query detected: SELECT * FROM users took 3.2s
2025-01-15 08:15:12 [INFO] API request GET /api/users completed in 45ms
2025-01-15 08:20:33 [ERROR] Authentication failed for user 'bob': invalid password
2025-01-15 08:25:01 [INFO] Cache hit rate: 85% over last 5 minutes
2025-01-15 08:30:15 [WARNING] Memory usage at 78%, approaching threshold
2025-01-15 08:35:42 [ERROR] Database connection timeout after 30s
2025-01-15 08:40:19 [INFO] User 'charlie' logged in successfully from 10.0.0.50
2025-01-15 08:45:03 [ERROR] Failed to connect to external API: connection refused
2025-01-15 08:50:28 [WARNING] Rate limit exceeded for IP 203.0.113.45
2025-01-15 08:55:11 [INFO] Scheduled backup task completed successfully
2025-01-15 09:00:47 [ERROR] Authentication service unavailable: timeout after 10s
2025-01-15 09:05:22 [DEBUG] Processing request queue: 15 items pending
2025-01-15 09:10:08 [INFO] User 'david' logged out
2025-01-15 09:15:35 [ERROR] Database query failed: table 'sessions' locked
2025-01-15 09:20:14 [WARNING] Disk space on /var/log at 82%
2025-01-15 09:25:49 [INFO] API request POST /api/orders completed in 120ms
2025-01-15 09:30:33 [ERROR] Network timeout while connecting to cache server
2025-01-15 09:35:06 [WARNING] Suspicious activity detected from IP 198.51.100.23
2025-01-15 09:40:21 [INFO] SSL certificate expiration check: 45 days remaining
2025-01-15 09:45:57 [ERROR] Failed login attempt for user 'admin' from 203.0.113.78
2025-01-15 09:50:12 [INFO] Database connection pool resized to 15 connections
2025-01-15 09:55:38 [WARNING] Response time degraded: average 2.5s over last minute
2025-01-15 10:00:04 [ERROR] Out of memory error in worker process 4
2025-01-15 10:05:29 [INFO] User 'emma' logged in successfully from 172.16.0.10
2025-01-15 10:10:51 [DEBUG] Cache refresh completed: 1200 entries updated
2025-01-15 10:15:17 [ERROR] Authentication token expired for user 'frank'
2025-01-15 10:20:43 [WARNING] High CPU usage detected: 92% on core 3
2025-01-15 10:25:09 [INFO] API request GET /api/products completed in 68ms
2025-01-15 10:30:55 [ERROR] Database connection pool exhausted: all connections in use
2025-01-15 10:35:22 [WARNING] Session timeout for user 'grace' after 30 minutes idle
2025-01-15 10:40:08 [INFO] Configuration reloaded: 3 settings changed
2025-01-15 10:45:34 [ERROR] Payment gateway connection failed: SSL handshake error
2025-01-15 10:50:11 [WARNING] Multiple failed login attempts from IP 198.51.100.99
2025-01-15 10:55:47 [INFO] User 'henry' changed password successfully
2025-01-15 11:00:23 [DEBUG] Garbage collection completed in 45ms
2025-01-15 11:05:59 [ERROR] Email service unreachable: DNS lookup failed
2025-01-15 11:10:16 [INFO] API request POST /api/login completed in 95ms
2025-01-15 11:15:42 [WARNING] Database replication lag detected: 5 seconds behind primary
2025-01-15 11:20:08 [ERROR] Session validation failed: invalid signature
2025-01-15 11:25:34 [INFO] User 'iris' logged in successfully from 192.168.1.150
2025-01-15 11:30:01 [WARNING] WebSocket connection dropped: client timeout
2025-01-15 11:35:27 [ERROR] File upload failed: disk quota exceeded
2025-01-15 11:40:53 [INFO] Metrics exported to monitoring system
2025-01-15 11:45:19 [ERROR] Authentication service health check failed
2025-01-15 11:50:45 [WARNING] Request queue backlog: 50 requests pending
2025-01-15 11:55:11 [INFO] User 'jack' updated profile information
2025-01-15 12:00:37 [DEBUG] Connection pool statistics: 8 active, 7 idle
2025-01-15 12:05:03 [ERROR] API rate limit exceeded: 1000 requests per minute
2025-01-15 12:10:29 [WARNING] Load balancer health check timeout
2025-01-15 12:15:55 [INFO] Scheduled maintenance task started
2025-01-15 12:20:21 [ERROR] Cannot acquire database lock: resource busy
2025-01-15 12:25:47 [WARNING] Security alert: potential SQL injection attempt blocked
2025-01-15 12:30:13 [INFO] User 'karen' logged out after session timeout
2025-01-15 12:35:39 [ERROR] Remote service unavailable: HTTP 503 Service Unavailable
2025-01-15 12:40:05 [INFO] Cache cleared: 5000 entries removed
